<?xml version="1.0" encoding="UTF-8"?>
<testng-results skipped="0" failed="0" ignored="0" total="1" passed="1">
  <reporter-output>
  </reporter-output>
  <suite name="Default suite" duration-ms="23196" started-at="2019-09-08T05:55:30Z" finished-at="2019-09-08T05:55:53Z">
    <groups>
    </groups>
    <test name="Default test" duration-ms="23196" started-at="2019-09-08T05:55:30Z" finished-at="2019-09-08T05:55:53Z">
      <class name="org.testleaf.leaftaps.testcases.TC002CreateLead">
        <test-method status="PASS" signature="startApp()[pri:0, instance:org.testleaf.leaftaps.testcases.TC002CreateLead@13deb50e]" name="startApp" is-config="true" duration-ms="9472" started-at="2019-09-08T05:55:30Z" finished-at="2019-09-08T05:55:39Z">
          <reporter-output>
          </reporter-output>
        </test-method> <!-- startApp -->
        <test-method status="PASS" signature="TC002CreateLead()[pri:0, instance:org.testleaf.leaftaps.testcases.TC002CreateLead@13deb50e]" name="TC002CreateLead" duration-ms="11221" started-at="2019-09-08T05:55:39Z" finished-at="2019-09-08T05:55:50Z">
          <reporter-output>
          </reporter-output>
        </test-method> <!-- TC002CreateLead -->
        <test-method status="PASS" signature="closeApp()[pri:0, instance:org.testleaf.leaftaps.testcases.TC002CreateLead@13deb50e]" name="closeApp" is-config="true" duration-ms="2375" started-at="2019-09-08T05:55:50Z" finished-at="2019-09-08T05:55:53Z">
          <reporter-output>
          </reporter-output>
        </test-method> <!-- closeApp -->
      </class> <!-- org.testleaf.leaftaps.testcases.TC002CreateLead -->
    </test> <!-- Default test -->
  </suite> <!-- Default suite -->
</testng-results>
